<?xml version="1.0" encoding="UTF-8"?>
<testng-results skipped="0" failed="0" total="1" passed="1">
  <reporter-output>
  </reporter-output>
  <suite name="Default suite" duration-ms="35" started-at="2016-02-08T09:08:41Z" finished-at="2016-02-08T09:08:41Z">
    <groups>
    </groups>
    <test name="Default test" duration-ms="35" started-at="2016-02-08T09:08:41Z" finished-at="2016-02-08T09:08:41Z">
      <class name="Utility">
        <test-method status="PASS" signature="max()[pri:0, instance:Utility@1c53fd30]" name="max" duration-ms="16" started-at="2016-02-08T04:08:41Z" finished-at="2016-02-08T04:08:41Z">
          <reporter-output>
          </reporter-output>
        </test-method> <!-- max -->
      </class> <!-- Utility -->
    </test> <!-- Default test -->
  </suite> <!-- Default suite -->
</testng-results>
