<?xml version="1.0" encoding="UTF-8"?>
<testng-results skipped="0" failed="0" total="2" passed="2">
  <reporter-output>
  </reporter-output>
  <suite name="MySuite" duration-ms="16" started-at="2016-01-31T22:51:45Z" finished-at="2016-01-31T22:51:45Z">
    <groups>
    </groups>
    <test name="Practise" duration-ms="16" started-at="2016-01-31T22:51:45Z" finished-at="2016-01-31T22:51:45Z">
      <class name="com.bit.test.AnnotaionDetails">
        <test-method status="PASS" signature="m9()[pri:0, instance:com.bit.test.AnnotaionDetails@7a92922]" name="m9" is-config="true" duration-ms="0" started-at="2016-01-31T17:51:45Z" finished-at="2016-01-31T17:51:45Z">
          <reporter-output>
          </reporter-output>
        </test-method> <!-- m9 -->
        <test-method status="PASS" signature="m3()[pri:0, instance:com.bit.test.AnnotaionDetails@7a92922]" name="m3" is-config="true" duration-ms="0" started-at="2016-01-31T17:51:45Z" finished-at="2016-01-31T17:51:45Z">
          <reporter-output>
          </reporter-output>
        </test-method> <!-- m3 -->
        <test-method status="PASS" signature="m5()[pri:0, instance:com.bit.test.AnnotaionDetails@7a92922]" name="m5" is-config="true" duration-ms="0" started-at="2016-01-31T17:51:45Z" finished-at="2016-01-31T17:51:45Z">
          <reporter-output>
          </reporter-output>
        </test-method> <!-- m5 -->
        <test-method status="PASS" signature="m1()[pri:0, instance:com.bit.test.AnnotaionDetails@7a92922]" name="m1" duration-ms="16" started-at="2016-01-31T17:51:45Z" finished-at="2016-01-31T17:51:45Z">
          <reporter-output>
          </reporter-output>
        </test-method> <!-- m1 -->
        <test-method status="PASS" signature="m7()[pri:0, instance:com.bit.test.AnnotaionDetails@7a92922]" name="m7" is-config="true" duration-ms="0" started-at="2016-01-31T17:51:45Z" finished-at="2016-01-31T17:51:45Z">
          <reporter-output>
          </reporter-output>
        </test-method> <!-- m7 -->
        <test-method status="PASS" signature="m2()[pri:0, instance:com.bit.test.AnnotaionDetails@7a92922]" name="m2" duration-ms="0" started-at="2016-01-31T17:51:45Z" finished-at="2016-01-31T17:51:45Z">
          <reporter-output>
          </reporter-output>
        </test-method> <!-- m2 -->
        <test-method status="PASS" signature="m8()[pri:0, instance:com.bit.test.AnnotaionDetails@7a92922]" name="m8" is-config="true" duration-ms="0" started-at="2016-01-31T17:51:45Z" finished-at="2016-01-31T17:51:45Z">
          <reporter-output>
          </reporter-output>
        </test-method> <!-- m8 -->
        <test-method status="PASS" signature="m6()[pri:0, instance:com.bit.test.AnnotaionDetails@7a92922]" name="m6" is-config="true" duration-ms="0" started-at="2016-01-31T17:51:45Z" finished-at="2016-01-31T17:51:45Z">
          <reporter-output>
          </reporter-output>
        </test-method> <!-- m6 -->
        <test-method status="PASS" signature="m4()[pri:0, instance:com.bit.test.AnnotaionDetails@7a92922]" name="m4" is-config="true" duration-ms="0" started-at="2016-01-31T17:51:45Z" finished-at="2016-01-31T17:51:45Z">
          <reporter-output>
          </reporter-output>
        </test-method> <!-- m4 -->
        <test-method status="PASS" signature="m4()[pri:0, instance:com.bit.test.AnnotaionDetails@7a92922]" name="m4" is-config="true" duration-ms="0" started-at="2016-01-31T17:51:45Z" finished-at="2016-01-31T17:51:45Z">
          <reporter-output>
          </reporter-output>
        </test-method> <!-- m4 -->
        <test-method status="PASS" signature="m3()[pri:0, instance:com.bit.test.AnnotaionDetails@7a92922]" name="m3" is-config="true" duration-ms="0" started-at="2016-01-31T17:51:45Z" finished-at="2016-01-31T17:51:45Z">
          <reporter-output>
          </reporter-output>
        </test-method> <!-- m3 -->
        <test-method status="PASS" signature="m10()[pri:0, instance:com.bit.test.AnnotaionDetails@7a92922]" name="m10" is-config="true" duration-ms="0" started-at="2016-01-31T17:51:45Z" finished-at="2016-01-31T17:51:45Z">
          <reporter-output>
          </reporter-output>
        </test-method> <!-- m10 -->
      </class> <!-- com.bit.test.AnnotaionDetails -->
    </test> <!-- Practise -->
  </suite> <!-- MySuite -->
</testng-results>
