<?xml version="1.0" encoding="UTF-8"?>
<testng-results skipped="0" failed="0" total="1" passed="1">
  <reporter-output>
  </reporter-output>
  <suite name="Default suite" duration-ms="45448" started-at="2015-11-01T18:54:14Z" finished-at="2015-11-01T18:55:00Z">
    <groups>
    </groups>
    <test name="Default test" duration-ms="45448" started-at="2015-11-01T18:54:14Z" finished-at="2015-11-01T18:55:00Z">
      <class name="Demo">
        <test-method status="PASS" signature="controlKeyboard()[pri:0, instance:Demo@45099dd3]" name="controlKeyboard" duration-ms="45341" started-at="2015-11-01T13:54:15Z" finished-at="2015-11-01T13:55:00Z">
          <reporter-output>
          </reporter-output>
        </test-method> <!-- controlKeyboard -->
      </class> <!-- Demo -->
    </test> <!-- Default test -->
  </suite> <!-- Default suite -->
</testng-results>
